<?xml version="1.0" encoding="UTF-8"?>
<!-- Generated by org.testng.reporters.JUnitXMLReporter -->
<testsuite ignored="0" hostname="DESKTOP-C2J8233" failures="0" tests="4" name="Default test" time="3.031" errors="0" timestamp="2022-08-08T10:40:51 CDT">
  <testcase classname="seleniumtest.test.FirstScriptTest" name="happyPath" time="2.791"/>
  <testcase classname="seleniumtest.test.FirstScriptTest" name="validateFirstName" time="0.107"/>
  <testcase classname="seleniumtest.test.FirstScriptTest" name="validateFirstNameEmpty" time="0.032"/>
  <testcase classname="seleniumtest.test.FirstScriptTest" name="validateFirstNameSpecial" time="0.068"/>
</testsuite> <!-- Default test -->
